[debug] [2021-07-10T05:55:35.401Z] ----------------------------------------------------------------------
[debug] [2021-07-10T05:55:35.403Z] Command:       /usr/bin/node /usr/bin/firebase deploy
[debug] [2021-07-10T05:55:35.403Z] CLI Version:   9.14.0
[debug] [2021-07-10T05:55:35.403Z] Platform:      linux
[debug] [2021-07-10T05:55:35.403Z] Node Version:  v16.4.0
[debug] [2021-07-10T05:55:35.403Z] Time:          Sat Jul 10 2021 11:25:35 GMT+0530 (India Standard Time)
[debug] [2021-07-10T05:55:35.404Z] ----------------------------------------------------------------------
[debug] 
[debug] [2021-07-10T05:55:35.409Z] > command requires scopes: ["email","openid","https://www.googleapis.com/auth/cloudplatformprojects.readonly","https://www.googleapis.com/auth/firebase","https://www.googleapis.com/auth/cloud-platform"]
[debug] [2021-07-10T05:55:35.409Z] > authorizing via signed-in user (rkrawat98766@gmail.com)
[debug] [2021-07-10T05:55:35.409Z] [iam] checking project webrtc-2646b for permissions ["firebase.projects.get","firebasehosting.sites.update"]
[debug] [2021-07-10T05:55:35.411Z] >>> HTTP REQUEST POST https://cloudresourcemanager.googleapis.com/v1/projects/webrtc-2646b:testIamPermissions  
 {"permissions":["firebase.projects.get","firebasehosting.sites.update"]}
[debug] [2021-07-10T05:55:38.461Z] <<< HTTP RESPONSE 200 {"content-type":"application/json; charset=UTF-8","vary":"X-Origin, Referer, Origin,Accept-Encoding","date":"Sat, 10 Jul 2021 05:55:38 GMT","server":"ESF","cache-control":"private","x-xss-protection":"0","x-frame-options":"SAMEORIGIN","x-content-type-options":"nosniff","server-timing":"gfet4t7; dur=553","alt-svc":"h3=\":443\"; ma=2592000,h3-29=\":443\"; ma=2592000,h3-T051=\":443\"; ma=2592000,h3-Q050=\":443\"; ma=2592000,h3-Q046=\":443\"; ma=2592000,h3-Q043=\":443\"; ma=2592000,quic=\":443\"; ma=2592000; v=\"46,43\"","accept-ranges":"none","transfer-encoding":"chunked"}
[debug] [2021-07-10T05:55:38.464Z] > refreshing access token with scopes: []
[debug] [2021-07-10T05:55:38.465Z] >>> HTTP REQUEST POST https://www.googleapis.com/oauth2/v3/token  
 <request body omitted>
[debug] [2021-07-10T05:55:55.462Z] <<< HTTP RESPONSE 200 {"date":"Sat, 10 Jul 2021 05:55:55 GMT","pragma":"no-cache","expires":"Mon, 01 Jan 1990 00:00:00 GMT","cache-control":"no-cache, no-store, max-age=0, must-revalidate","content-type":"application/json; charset=utf-8","vary":"X-Origin, Referer, Origin,Accept-Encoding","server":"scaffolding on HTTPServer2","x-xss-protection":"0","x-frame-options":"SAMEORIGIN","x-content-type-options":"nosniff","alt-svc":"h3=\":443\"; ma=2592000,h3-29=\":443\"; ma=2592000,h3-T051=\":443\"; ma=2592000,h3-Q050=\":443\"; ma=2592000,h3-Q046=\":443\"; ma=2592000,h3-Q043=\":443\"; ma=2592000,quic=\":443\"; ma=2592000; v=\"46,43\"","accept-ranges":"none","transfer-encoding":"chunked"}
[debug] [2021-07-10T05:55:55.470Z] >>> [apiv2][query] GET https://firebase.googleapis.com/v1beta1/projects/webrtc-2646b [none]
[debug] [2021-07-10T05:55:56.179Z] <<< [apiv2][status] GET https://firebase.googleapis.com/v1beta1/projects/webrtc-2646b 200
[debug] [2021-07-10T05:55:56.179Z] <<< [apiv2][body] GET https://firebase.googleapis.com/v1beta1/projects/webrtc-2646b {"projectId":"webrtc-2646b","projectNumber":"581773583117","displayName":"WebRTC","name":"projects/webrtc-2646b","resources":{"hostingSite":"webrtc-2646b"},"state":"ACTIVE"}
[info] 
[info] === Deploying to 'webrtc-2646b'...
[info] 
[info] i  deploying hosting 
[debug] [2021-07-10T05:55:56.184Z] > refreshing access token with scopes: ["email","https://www.googleapis.com/auth/cloud-platform","https://www.googleapis.com/auth/cloudplatformprojects.readonly","https://www.googleapis.com/auth/firebase","openid"]
[debug] [2021-07-10T05:55:56.184Z] >>> HTTP REQUEST POST https://www.googleapis.com/oauth2/v3/token  
 <request body omitted>
[debug] [2021-07-10T05:55:57.622Z] <<< HTTP RESPONSE 200 {"cache-control":"no-cache, no-store, max-age=0, must-revalidate","expires":"Mon, 01 Jan 1990 00:00:00 GMT","date":"Sat, 10 Jul 2021 05:55:57 GMT","pragma":"no-cache","content-type":"application/json; charset=utf-8","vary":"X-Origin, Referer, Origin,Accept-Encoding","server":"scaffolding on HTTPServer2","x-xss-protection":"0","x-frame-options":"SAMEORIGIN","x-content-type-options":"nosniff","alt-svc":"h3=\":443\"; ma=2592000,h3-29=\":443\"; ma=2592000,h3-T051=\":443\"; ma=2592000,h3-Q050=\":443\"; ma=2592000,h3-Q046=\":443\"; ma=2592000,h3-Q043=\":443\"; ma=2592000,quic=\":443\"; ma=2592000; v=\"46,43\"","accept-ranges":"none","transfer-encoding":"chunked"}
[debug] [2021-07-10T05:55:57.630Z] >>> HTTP REQUEST POST https://firebasehosting.googleapis.com/v1beta1/sites/webrtc-2646b/versions  
 {"config":{"rewrites":[{"glob":"**","path":"/index.html"}]},"labels":{"deployment-tool":"cli-firebase"}}
